2016.10.05 19:44 B \xml-hint.js --> ftp.eleicoessba.com.br /public_html/admin/resources/charts/exporting-server/java/highcharts-export/highcharts-export-web/src/main/webapp/resources/lib/codemirror/util xml-hint.js
2016.10.05 19:44 B \simple-hint.js --> ftp.eleicoessba.com.br /public_html/admin/resources/charts/exporting-server/java/highcharts-export/highcharts-export-web/src/main/webapp/resources/lib/codemirror/util simple-hint.js
2016.10.05 19:44 B \searchcursor.js --> ftp.eleicoessba.com.br /public_html/admin/resources/charts/exporting-server/java/highcharts-export/highcharts-export-web/src/main/webapp/resources/lib/codemirror/util searchcursor.js
2016.10.05 19:44 B \search.js --> ftp.eleicoessba.com.br /public_html/admin/resources/charts/exporting-server/java/highcharts-export/highcharts-export-web/src/main/webapp/resources/lib/codemirror/util search.js
2016.10.05 19:44 B \runmode.js --> ftp.eleicoessba.com.br /public_html/admin/resources/charts/exporting-server/java/highcharts-export/highcharts-export-web/src/main/webapp/resources/lib/codemirror/util runmode.js
2016.10.05 19:44 B \runmode-standalone.js --> ftp.eleicoessba.com.br /public_html/admin/resources/charts/exporting-server/java/highcharts-export/highcharts-export-web/src/main/webapp/resources/lib/codemirror/util runmode-standalone.js
2016.10.05 19:44 B \pig-hint.js --> ftp.eleicoessba.com.br /public_html/admin/resources/charts/exporting-server/java/highcharts-export/highcharts-export-web/src/main/webapp/resources/lib/codemirror/util pig-hint.js
2016.10.05 19:44 B \overlay.js --> ftp.eleicoessba.com.br /public_html/admin/resources/charts/exporting-server/java/highcharts-export/highcharts-export-web/src/main/webapp/resources/lib/codemirror/util overlay.js
2016.10.05 19:44 B \multiplex.js --> ftp.eleicoessba.com.br /public_html/admin/resources/charts/exporting-server/java/highcharts-export/highcharts-export-web/src/main/webapp/resources/lib/codemirror/util multiplex.js
2016.10.05 19:44 B \match-highlighter.js --> ftp.eleicoessba.com.br /public_html/admin/resources/charts/exporting-server/java/highcharts-export/highcharts-export-web/src/main/webapp/resources/lib/codemirror/util match-highlighter.js
2016.10.05 19:44 B \loadmode.js --> ftp.eleicoessba.com.br /public_html/admin/resources/charts/exporting-server/java/highcharts-export/highcharts-export-web/src/main/webapp/resources/lib/codemirror/util loadmode.js
2016.10.05 19:44 B \javascript-hint.js --> ftp.eleicoessba.com.br /public_html/admin/resources/charts/exporting-server/java/highcharts-export/highcharts-export-web/src/main/webapp/resources/lib/codemirror/util javascript-hint.js
2016.10.05 19:44 B \formatting.js --> ftp.eleicoessba.com.br /public_html/admin/resources/charts/exporting-server/java/highcharts-export/highcharts-export-web/src/main/webapp/resources/lib/codemirror/util formatting.js
2016.10.05 19:44 B \foldcode.js --> ftp.eleicoessba.com.br /public_html/admin/resources/charts/exporting-server/java/highcharts-export/highcharts-export-web/src/main/webapp/resources/lib/codemirror/util foldcode.js
2016.10.05 19:44 B \dialog.js --> ftp.eleicoessba.com.br /public_html/admin/resources/charts/exporting-server/java/highcharts-export/highcharts-export-web/src/main/webapp/resources/lib/codemirror/util dialog.js
2016.10.05 19:44 B \closetag.js --> ftp.eleicoessba.com.br /public_html/admin/resources/charts/exporting-server/java/highcharts-export/highcharts-export-web/src/main/webapp/resources/lib/codemirror/util closetag.js
2016.10.05 19:44 B \simple-hint.css --> ftp.eleicoessba.com.br /public_html/admin/resources/charts/exporting-server/java/highcharts-export/highcharts-export-web/src/main/webapp/resources/lib/codemirror/util simple-hint.css
2016.10.05 19:44 B \dialog.css --> ftp.eleicoessba.com.br /public_html/admin/resources/charts/exporting-server/java/highcharts-export/highcharts-export-web/src/main/webapp/resources/lib/codemirror/util dialog.css
2016.10.06 13:14 B \WS_FTP.LOG --> ftp.eleicoessba.com.br /public_html/admin/resources/charts/exporting-server/java/highcharts-export/highcharts-export-web/src/main/webapp/resources/lib/codemirror/util WS_FTP.LOG
2016.10.06 13:47 B \WS_FTP.LOG --> ftp.eleicoessba.com.br /public_html/admin/resources/charts/exporting-server/java/highcharts-export/highcharts-export-web/src/main/webapp/resources/lib/codemirror/util WS_FTP.LOG
